<?xml version="1.0" encoding="UTF-8"?>
<coverage generated="1768291221644" clover="3.2.0">
  <project timestamp="1768291221644" name="All files">
    <metrics statements="41" coveredstatements="34" conditionals="31" coveredconditionals="22" methods="21" coveredmethods="13" elements="93" coveredelements="69" complexity="0" loc="41" ncloc="41" packages="5" files="17" classes="17"/>
    <package name="Desktop">
      <metrics statements="0" coveredstatements="0" conditionals="0" coveredconditionals="0" methods="0" coveredmethods="0"/>
      <file name="design-system" path="/Users/okestro/Desktop/design-system">
        <metrics statements="0" coveredstatements="0" conditionals="0" coveredconditionals="0" methods="0" coveredmethods="0"/>
      </file>
    </package>
    <package name="Desktop.design-system..storybook">
      <metrics statements="1" coveredstatements="1" conditionals="0" coveredconditionals="0" methods="0" coveredmethods="0"/>
      <file name="preview.ts" path="/Users/okestro/Desktop/design-system/.storybook/preview.ts">
        <metrics statements="1" coveredstatements="1" conditionals="0" coveredconditionals="0" methods="0" coveredmethods="0"/>
        <line num="8" count="11" type="stmt"/>
      </file>
    </package>
    <package name="Desktop.design-system.src">
      <metrics statements="0" coveredstatements="0" conditionals="0" coveredconditionals="0" methods="0" coveredmethods="0"/>
      <file name="index.css" path="/Users/okestro/Desktop/design-system/src/index.css">
        <metrics statements="0" coveredstatements="0" conditionals="0" coveredconditionals="0" methods="0" coveredmethods="0"/>
      </file>
    </package>
    <package name="Desktop.design-system.src.components">
      <metrics statements="29" coveredstatements="24" conditionals="29" coveredconditionals="20" methods="16" coveredmethods="10"/>
      <file name="Button.tsx" path="/Users/okestro/Desktop/design-system/src/components/Button.tsx">
        <metrics statements="4" coveredstatements="4" conditionals="4" coveredconditionals="4" methods="1" coveredmethods="1"/>
        <line num="16" count="3" type="stmt"/>
        <line num="23" count="12" type="cond" truecount="2" falsecount="0"/>
        <line num="24" count="12" type="stmt"/>
        <line num="25" count="3" type="stmt"/>
      </file>
      <file name="CatogoryButton.tsx" path="/Users/okestro/Desktop/design-system/src/components/CatogoryButton.tsx">
        <metrics statements="2" coveredstatements="2" conditionals="0" coveredconditionals="0" methods="1" coveredmethods="1"/>
        <line num="15" count="1" type="stmt"/>
        <line num="30" count="1" type="stmt"/>
      </file>
      <file name="DefaultTextField.tsx" path="/Users/okestro/Desktop/design-system/src/components/DefaultTextField.tsx">
        <metrics statements="7" coveredstatements="5" conditionals="8" coveredconditionals="4" methods="3" coveredmethods="1"/>
        <line num="1" count="1" type="stmt"/>
        <line num="31" count="1" type="stmt"/>
        <line num="33" count="1" type="cond" truecount="1" falsecount="1"/>
        <line num="39" count="1" type="stmt"/>
        <line num="42" count="0" type="stmt"/>
        <line num="43" count="0" type="stmt"/>
        <line num="48" count="1" type="stmt"/>
      </file>
      <file name="ErrorMessage.tsx" path="/Users/okestro/Desktop/design-system/src/components/ErrorMessage.tsx">
        <metrics statements="1" coveredstatements="1" conditionals="0" coveredconditionals="0" methods="1" coveredmethods="1"/>
        <line num="7" count="2" type="stmt"/>
      </file>
      <file name="IconButton.tsx" path="/Users/okestro/Desktop/design-system/src/components/IconButton.tsx">
        <metrics statements="2" coveredstatements="2" conditionals="0" coveredconditionals="0" methods="1" coveredmethods="1"/>
        <line num="10" count="3" type="stmt"/>
        <line num="11" count="3" type="stmt"/>
      </file>
      <file name="Label.tsx" path="/Users/okestro/Desktop/design-system/src/components/Label.tsx">
        <metrics statements="1" coveredstatements="1" conditionals="0" coveredconditionals="0" methods="1" coveredmethods="1"/>
        <line num="12" count="1" type="stmt"/>
      </file>
      <file name="NavigationBar.tsx" path="/Users/okestro/Desktop/design-system/src/components/NavigationBar.tsx">
        <metrics statements="2" coveredstatements="2" conditionals="15" coveredconditionals="10" methods="3" coveredmethods="1"/>
        <line num="22" count="1" type="stmt"/>
        <line num="26" count="1" type="cond" truecount="3" falsecount="1"/>
      </file>
      <file name="TagButton.tsx" path="/Users/okestro/Desktop/design-system/src/components/TagButton.tsx">
        <metrics statements="3" coveredstatements="3" conditionals="2" coveredconditionals="2" methods="1" coveredmethods="1"/>
        <line num="10" count="4" type="cond" truecount="2" falsecount="0"/>
        <line num="11" count="4" type="stmt"/>
        <line num="12" count="2" type="stmt"/>
      </file>
      <file name="TagList.tsx" path="/Users/okestro/Desktop/design-system/src/components/TagList.tsx">
        <metrics statements="7" coveredstatements="4" conditionals="0" coveredconditionals="0" methods="4" coveredmethods="2"/>
        <line num="1" count="1" type="stmt"/>
        <line num="14" count="1" type="stmt"/>
        <line num="16" count="1" type="stmt"/>
        <line num="19" count="0" type="stmt"/>
        <line num="20" count="0" type="stmt"/>
        <line num="21" count="0" type="stmt"/>
        <line num="24" count="3" type="stmt"/>
      </file>
    </package>
    <package name="Desktop.design-system.src.stories">
      <metrics statements="11" coveredstatements="9" conditionals="2" coveredconditionals="2" methods="5" coveredmethods="3"/>
      <file name="Header.tsx" path="/Users/okestro/Desktop/design-system/src/stories/Header.tsx">
        <metrics statements="3" coveredstatements="3" conditionals="2" coveredconditionals="2" methods="1" coveredmethods="1"/>
        <line num="15" count="2" type="stmt"/>
        <line num="16" count="5" type="stmt"/>
        <line num="21" count="2" type="stmt"/>
      </file>
      <file name="Page.tsx" path="/Users/okestro/Desktop/design-system/src/stories/Page.tsx">
        <metrics statements="8" coveredstatements="6" conditionals="0" coveredconditionals="0" methods="4" coveredmethods="2"/>
        <line num="1" count="1" type="stmt"/>
        <line num="10" count="1" type="stmt"/>
        <line num="11" count="3" type="stmt"/>
        <line num="13" count="3" type="stmt"/>
        <line num="15" count="1" type="stmt"/>
        <line num="17" count="1" type="stmt"/>
        <line num="18" count="0" type="stmt"/>
        <line num="19" count="0" type="stmt"/>
      </file>
      <file name="button.css" path="/Users/okestro/Desktop/design-system/src/stories/button.css">
        <metrics statements="0" coveredstatements="0" conditionals="0" coveredconditionals="0" methods="0" coveredmethods="0"/>
      </file>
      <file name="header.css" path="/Users/okestro/Desktop/design-system/src/stories/header.css">
        <metrics statements="0" coveredstatements="0" conditionals="0" coveredconditionals="0" methods="0" coveredmethods="0"/>
      </file>
      <file name="page.css" path="/Users/okestro/Desktop/design-system/src/stories/page.css">
        <metrics statements="0" coveredstatements="0" conditionals="0" coveredconditionals="0" methods="0" coveredmethods="0"/>
      </file>
    </package>
  </project>
</coverage>
