{"/Users/okestro/Desktop/design-system": {"path":"/Users/okestro/Desktop/design-system","statementMap":{},"fnMap":{},"branchMap":{},"s":{},"f":{},"b":{},"meta":{"lastBranch":0,"lastFunction":0,"lastStatement":0,"seen":{}}}
,"/Users/okestro/Desktop/design-system/.storybook/preview.ts": {"path":"/Users/okestro/Desktop/design-system/.storybook/preview.ts","statementMap":{"0":{"start":{"line":8,"column":25},"end":{"line":24,"column":null}}},"fnMap":{},"branchMap":{},"s":{"0":11},"f":{},"b":{},"meta":{"lastBranch":0,"lastFunction":0,"lastStatement":1,"seen":{"s:8:25:24:Infinity":0}}}
,"/Users/okestro/Desktop/design-system/src/index.css": {"path":"/Users/okestro/Desktop/design-system/src/index.css","statementMap":{},"fnMap":{},"branchMap":{},"s":{},"f":{},"b":{},"meta":{"lastBranch":0,"lastFunction":0,"lastStatement":0,"seen":{}}}
,"/Users/okestro/Desktop/design-system/src/components/Button.tsx": {"path":"/Users/okestro/Desktop/design-system/src/components/Button.tsx","statementMap":{"0":{"start":{"line":25,"column":4},"end":{"line":25,"column":5}},"1":{"start":{"line":16,"column":22},"end":{"line":34,"column":null}},"2":{"start":{"line":23,"column":15},"end":{"line":23,"column":null}},"3":{"start":{"line":24,"column":2},"end":{"line":32,"column":null}}},"fnMap":{"0":{"name":"(anonymous_0)","decl":{"start":{"line":16,"column":22},"end":{"line":16,"column":23}},"loc":{"start":{"line":22,"column":19},"end":{"line":34,"column":null}},"line":22}},"branchMap":{"0":{"loc":{"start":{"line":17,"column":2},"end":{"line":17,"column":null}},"type":"default-arg","locations":[{"start":{"line":17,"column":12},"end":{"line":17,"column":null}}],"line":17},"1":{"loc":{"start":{"line":18,"column":2},"end":{"line":18,"column":null}},"type":"default-arg","locations":[{"start":{"line":18,"column":9},"end":{"line":18,"column":null}}],"line":18},"2":{"loc":{"start":{"line":23,"column":15},"end":{"line":23,"column":null}},"type":"cond-expr","locations":[{"start":{"line":23,"column":25},"end":{"line":23,"column":55}},{"start":{"line":23,"column":55},"end":{"line":23,"column":null}}],"line":23}},"s":{"0":3,"1":3,"2":12,"3":12},"f":{"0":12},"b":{"0":[12],"1":[12],"2":[4,8]},"meta":{"lastBranch":3,"lastFunction":1,"lastStatement":4,"seen":{"s:25:4:25:5":0,"s:16:22:34:Infinity":1,"f:16:22:16:23":0,"b:17:12:17:Infinity":0,"b:18:9:18:Infinity":1,"s:23:15:23:Infinity":2,"b:23:25:23:55:23:55:23:Infinity":2,"s:24:2:32:Infinity":3}}}
,"/Users/okestro/Desktop/design-system/src/components/CatogoryButton.tsx": {"path":"/Users/okestro/Desktop/design-system/src/components/CatogoryButton.tsx","statementMap":{"0":{"start":{"line":30,"column":12},"end":{"line":30,"column":13}},"1":{"start":{"line":15,"column":4},"end":{"line":32,"column":null}}},"fnMap":{"0":{"name":"CategoryButton","decl":{"start":{"line":9,"column":24},"end":{"line":9,"column":39}},"loc":{"start":{"line":14,"column":25},"end":{"line":34,"column":null}},"line":14}},"branchMap":{},"s":{"0":1,"1":1},"f":{"0":1},"b":{},"meta":{"lastBranch":0,"lastFunction":1,"lastStatement":2,"seen":{"s:30:12:30:13":0,"f:9:24:9:39":0,"s:15:4:32:Infinity":1}}}
,"/Users/okestro/Desktop/design-system/src/components/DefaultTextField.tsx": {"path":"/Users/okestro/Desktop/design-system/src/components/DefaultTextField.tsx","statementMap":{"0":{"start":{"line":48,"column":16},"end":{"line":48,"column":17}},"1":{"start":{"line":1,"column":25},"end":{"line":1,"column":null}},"2":{"start":{"line":31,"column":38},"end":{"line":31,"column":null}},"3":{"start":{"line":33,"column":24},"end":{"line":37,"column":null}},"4":{"start":{"line":39,"column":4},"end":{"line":67,"column":null}},"5":{"start":{"line":42,"column":31},"end":{"line":42,"column":null}},"6":{"start":{"line":43,"column":30},"end":{"line":43,"column":null}}},"fnMap":{"0":{"name":"DefaultTextFiled","decl":{"start":{"line":19,"column":24},"end":{"line":19,"column":41}},"loc":{"start":{"line":29,"column":27},"end":{"line":71,"column":null}},"line":29},"1":{"name":"(anonymous_1)","decl":{"start":{"line":42,"column":25},"end":{"line":42,"column":31}},"loc":{"start":{"line":42,"column":31},"end":{"line":42,"column":null}},"line":42},"2":{"name":"(anonymous_2)","decl":{"start":{"line":43,"column":24},"end":{"line":43,"column":30}},"loc":{"start":{"line":43,"column":30},"end":{"line":43,"column":null}},"line":43}},"branchMap":{"0":{"loc":{"start":{"line":33,"column":24},"end":{"line":37,"column":null}},"type":"cond-expr","locations":[{"start":{"line":34,"column":10},"end":{"line":34,"column":null}},{"start":{"line":35,"column":10},"end":{"line":37,"column":null}}],"line":33},"1":{"loc":{"start":{"line":35,"column":10},"end":{"line":37,"column":null}},"type":"cond-expr","locations":[{"start":{"line":36,"column":10},"end":{"line":36,"column":null}},{"start":{"line":37,"column":10},"end":{"line":37,"column":null}}],"line":35},"2":{"loc":{"start":{"line":57,"column":17},"end":{"line":62,"column":null}},"type":"binary-expr","locations":[{"start":{"line":57,"column":17},"end":{"line":57,"column":null}},{"start":{"line":58,"column":20},"end":{"line":62,"column":null}}],"line":57},"3":{"loc":{"start":{"line":66,"column":13},"end":{"line":66,"column":null}},"type":"binary-expr","locations":[{"start":{"line":66,"column":13},"end":{"line":66,"column":24}},{"start":{"line":66,"column":24},"end":{"line":66,"column":null}}],"line":66}},"s":{"0":1,"1":1,"2":1,"3":1,"4":1,"5":0,"6":0},"f":{"0":1,"1":0,"2":0},"b":{"0":[0,1],"1":[1,0],"2":[1,0],"3":[1,0]},"meta":{"lastBranch":4,"lastFunction":3,"lastStatement":7,"seen":{"s:48:16:48:17":0,"s:1:25:1:Infinity":1,"f:19:24:19:41":0,"s:31:38:31:Infinity":2,"s:33:24:37:Infinity":3,"b:34:10:34:Infinity:35:10:37:Infinity":0,"b:36:10:36:Infinity:37:10:37:Infinity":1,"s:39:4:67:Infinity":4,"f:42:25:42:31":1,"s:42:31:42:Infinity":5,"f:43:24:43:30":2,"s:43:30:43:Infinity":6,"b:57:17:57:Infinity:58:20:62:Infinity":2,"b:66:13:66:24:66:24:66:Infinity":3}}}
,"/Users/okestro/Desktop/design-system/src/components/ErrorMessage.tsx": {"path":"/Users/okestro/Desktop/design-system/src/components/ErrorMessage.tsx","statementMap":{"0":{"start":{"line":7,"column":11},"end":{"line":7,"column":12}},"1":{"start":{"line":7,"column":4},"end":{"line":7,"column":null}}},"fnMap":{"0":{"name":"ErrorMessage","decl":{"start":{"line":6,"column":24},"end":{"line":6,"column":37}},"loc":{"start":{"line":6,"column":69},"end":{"line":8,"column":null}},"line":6}},"branchMap":{},"s":{"0":2,"1":1},"f":{"0":1},"b":{},"meta":{"lastBranch":0,"lastFunction":1,"lastStatement":2,"seen":{"s:7:11:7:12":0,"f:6:24:6:37":0,"s:7:4:7:Infinity":1}}}
,"/Users/okestro/Desktop/design-system/src/components/IconButton.tsx": {"path":"/Users/okestro/Desktop/design-system/src/components/IconButton.tsx","statementMap":{"0":{"start":{"line":11,"column":8},"end":{"line":11,"column":9}},"1":{"start":{"line":10,"column":4},"end":{"line":12,"column":null}}},"fnMap":{"0":{"name":"IconButton","decl":{"start":{"line":9,"column":24},"end":{"line":9,"column":35}},"loc":{"start":{"line":9,"column":79},"end":{"line":13,"column":null}},"line":9}},"branchMap":{},"s":{"0":3,"1":3},"f":{"0":3},"b":{},"meta":{"lastBranch":0,"lastFunction":1,"lastStatement":2,"seen":{"s:11:8:11:9":0,"f:9:24:9:35":0,"s:10:4:12:Infinity":1}}}
,"/Users/okestro/Desktop/design-system/src/components/Label.tsx": {"path":"/Users/okestro/Desktop/design-system/src/components/Label.tsx","statementMap":{"0":{"start":{"line":12,"column":12},"end":{"line":12,"column":13}},"1":{"start":{"line":12,"column":4},"end":{"line":12,"column":null}}},"fnMap":{"0":{"name":"Label","decl":{"start":{"line":11,"column":24},"end":{"line":11,"column":30}},"loc":{"start":{"line":11,"column":64},"end":{"line":13,"column":null}},"line":11}},"branchMap":{},"s":{"0":1,"1":1},"f":{"0":1},"b":{},"meta":{"lastBranch":0,"lastFunction":1,"lastStatement":2,"seen":{"s:12:12:12:13":0,"f:11:24:11:30":0,"s:12:4:12:Infinity":1}}}
,"/Users/okestro/Desktop/design-system/src/components/NavigationBar.tsx": {"path":"/Users/okestro/Desktop/design-system/src/components/NavigationBar.tsx","statementMap":{"0":{"start":{"line":26,"column":35},"end":{"line":26,"column":36}},"1":{"start":{"line":22,"column":8},"end":{"line":32,"column":null}}},"fnMap":{"0":{"name":"NavigationBar","decl":{"start":{"line":13,"column":24},"end":{"line":13,"column":38}},"loc":{"start":{"line":21,"column":24},"end":{"line":34,"column":null}},"line":21},"1":{"name":"(anonymous_1)","decl":{"start":{"line":19,"column":18},"end":{"line":19,"column":24}},"loc":{"start":{"line":19,"column":24},"end":{"line":19,"column":null}},"line":19},"2":{"name":"(anonymous_2)","decl":{"start":{"line":20,"column":19},"end":{"line":20,"column":25}},"loc":{"start":{"line":20,"column":25},"end":{"line":20,"column":null}},"line":20}},"branchMap":{"0":{"loc":{"start":{"line":15,"column":4},"end":{"line":15,"column":null}},"type":"default-arg","locations":[{"start":{"line":15,"column":12},"end":{"line":15,"column":null}}],"line":15},"1":{"loc":{"start":{"line":19,"column":4},"end":{"line":19,"column":null}},"type":"default-arg","locations":[{"start":{"line":19,"column":18},"end":{"line":19,"column":null}}],"line":19},"2":{"loc":{"start":{"line":20,"column":4},"end":{"line":20,"column":null}},"type":"default-arg","locations":[{"start":{"line":20,"column":19},"end":{"line":20,"column":null}}],"line":20},"3":{"loc":{"start":{"line":26,"column":17},"end":{"line":26,"column":null}},"type":"binary-expr","locations":[{"start":{"line":26,"column":17},"end":{"line":26,"column":35}},{"start":{"line":26,"column":35},"end":{"line":26,"column":null}}],"line":26},"4":{"loc":{"start":{"line":26,"column":98},"end":{"line":26,"column":125}},"type":"cond-expr","locations":[{"start":{"line":26,"column":107},"end":{"line":26,"column":118}},{"start":{"line":26,"column":118},"end":{"line":26,"column":125}}],"line":26},"5":{"loc":{"start":{"line":28,"column":17},"end":{"line":28,"column":null}},"type":"binary-expr","locations":[{"start":{"line":28,"column":17},"end":{"line":28,"column":30}},{"start":{"line":28,"column":30},"end":{"line":28,"column":null}}],"line":28},"6":{"loc":{"start":{"line":28,"column":57},"end":{"line":28,"column":83}},"type":"cond-expr","locations":[{"start":{"line":28,"column":66},"end":{"line":28,"column":81}},{"start":{"line":28,"column":81},"end":{"line":28,"column":83}}],"line":28},"7":{"loc":{"start":{"line":31,"column":13},"end":{"line":31,"column":null}},"type":"binary-expr","locations":[{"start":{"line":31,"column":13},"end":{"line":31,"column":32}},{"start":{"line":31,"column":32},"end":{"line":31,"column":null}}],"line":31},"8":{"loc":{"start":{"line":31,"column":90},"end":{"line":31,"column":117}},"type":"cond-expr","locations":[{"start":{"line":31,"column":99},"end":{"line":31,"column":110}},{"start":{"line":31,"column":110},"end":{"line":31,"column":117}}],"line":31}},"s":{"0":1,"1":1},"f":{"0":1,"1":0,"2":0},"b":{"0":[1],"1":[0],"2":[0],"3":[1,1],"4":[0,1],"5":[1,1],"6":[0,1],"7":[1,1],"8":[0,1]},"meta":{"lastBranch":9,"lastFunction":3,"lastStatement":2,"seen":{"s:26:35:26:36":0,"f:13:24:13:38":0,"b:15:12:15:Infinity":0,"b:19:18:19:Infinity":1,"f:19:18:19:24":1,"b:20:19:20:Infinity":2,"f:20:19:20:25":2,"s:22:8:32:Infinity":1,"b:26:17:26:35:26:35:26:Infinity":3,"b:26:107:26:118:26:118:26:125":4,"b:28:17:28:30:28:30:28:Infinity":5,"b:28:66:28:81:28:81:28:83":6,"b:31:13:31:32:31:32:31:Infinity":7,"b:31:99:31:110:31:110:31:117":8}}}
,"/Users/okestro/Desktop/design-system/src/components/TagButton.tsx": {"path":"/Users/okestro/Desktop/design-system/src/components/TagButton.tsx","statementMap":{"0":{"start":{"line":12,"column":8},"end":{"line":12,"column":9}},"1":{"start":{"line":10,"column":24},"end":{"line":10,"column":null}},"2":{"start":{"line":11,"column":4},"end":{"line":20,"column":null}}},"fnMap":{"0":{"name":"TagButton","decl":{"start":{"line":7,"column":24},"end":{"line":7,"column":34}},"loc":{"start":{"line":7,"column":85},"end":{"line":22,"column":null}},"line":7}},"branchMap":{"0":{"loc":{"start":{"line":10,"column":24},"end":{"line":10,"column":null}},"type":"cond-expr","locations":[{"start":{"line":10,"column":36},"end":{"line":10,"column":49}},{"start":{"line":10,"column":49},"end":{"line":10,"column":null}}],"line":10}},"s":{"0":2,"1":4,"2":4},"f":{"0":4},"b":{"0":[2,2]},"meta":{"lastBranch":1,"lastFunction":1,"lastStatement":3,"seen":{"s:12:8:12:9":0,"f:7:24:7:34":0,"s:10:24:10:Infinity":1,"b:10:36:10:49:10:49:10:Infinity":0,"s:11:4:20:Infinity":2}}}
,"/Users/okestro/Desktop/design-system/src/components/TagList.tsx": {"path":"/Users/okestro/Desktop/design-system/src/components/TagList.tsx","statementMap":{"0":{"start":{"line":24,"column":16},"end":{"line":24,"column":17}},"1":{"start":{"line":1,"column":25},"end":{"line":1,"column":null}},"2":{"start":{"line":14,"column":42},"end":{"line":14,"column":null}},"3":{"start":{"line":16,"column":4},"end":{"line":26,"column":null}},"4":{"start":{"line":19,"column":32},"end":{"line":19,"column":null}},"5":{"start":{"line":20,"column":24},"end":{"line":20,"column":null}},"6":{"start":{"line":21,"column":12},"end":{"line":21,"column":null}},"7":{"start":{"line":24,"column":16},"end":{"line":24,"column":null}},"8":{"start":{"line":24,"column":84},"end":{"line":24,"column":106}}},"fnMap":{"0":{"name":"TagList","decl":{"start":{"line":11,"column":24},"end":{"line":11,"column":50}},"loc":{"start":{"line":11,"column":93},"end":{"line":28,"column":null}},"line":11},"1":{"name":"(anonymous_1)","decl":{"start":{"line":17,"column":50},"end":{"line":17,"column":51}},"loc":{"start":{"line":17,"column":61},"end":{"line":22,"column":null}},"line":17},"2":{"name":"(anonymous_2)","decl":{"start":{"line":23,"column":25},"end":{"line":23,"column":26}},"loc":{"start":{"line":24,"column":16},"end":{"line":24,"column":null}},"line":24},"3":{"name":"(anonymous_3)","decl":{"start":{"line":24,"column":78},"end":{"line":24,"column":84}},"loc":{"start":{"line":24,"column":84},"end":{"line":24,"column":106}},"line":24}},"branchMap":{},"s":{"0":1,"1":1,"2":1,"3":1,"4":0,"5":0,"6":0,"7":3,"8":0},"f":{"0":1,"1":0,"2":3,"3":0},"b":{},"meta":{"lastBranch":0,"lastFunction":4,"lastStatement":9,"seen":{"s:24:16:24:17":0,"s:1:25:1:Infinity":1,"f:11:24:11:50":0,"s:14:42:14:Infinity":2,"s:16:4:26:Infinity":3,"f:17:50:17:51":1,"s:19:32:19:Infinity":4,"s:20:24:20:Infinity":5,"s:21:12:21:Infinity":6,"f:23:25:23:26":2,"s:24:16:24:Infinity":7,"f:24:78:24:84":3,"s:24:84:24:106":8}}}
,"/Users/okestro/Desktop/design-system/src/stories/Header.tsx": {"path":"/Users/okestro/Desktop/design-system/src/stories/Header.tsx","statementMap":{"0":{"start":{"line":21,"column":12},"end":{"line":21,"column":13}},"1":{"start":{"line":15,"column":22},"end":{"line":53,"column":null}},"2":{"start":{"line":16,"column":2},"end":{"line":53,"column":null}}},"fnMap":{"0":{"name":"(anonymous_0)","decl":{"start":{"line":15,"column":22},"end":{"line":15,"column":23}},"loc":{"start":{"line":16,"column":2},"end":{"line":53,"column":null}},"line":16}},"branchMap":{"0":{"loc":{"start":{"line":38,"column":9},"end":{"line":49,"column":null}},"type":"cond-expr","locations":[{"start":{"line":39,"column":10},"end":{"line":44,"column":null}},{"start":{"line":46,"column":10},"end":{"line":49,"column":null}}],"line":38}},"s":{"0":2,"1":2,"2":5},"f":{"0":5},"b":{"0":[2,3]},"meta":{"lastBranch":1,"lastFunction":1,"lastStatement":3,"seen":{"s:21:12:21:13":0,"s:15:22:53:Infinity":1,"f:15:22:15:23":0,"s:16:2:53:Infinity":2,"b:39:10:44:Infinity:46:10:49:Infinity":0}}}
,"/Users/okestro/Desktop/design-system/src/stories/Page.tsx": {"path":"/Users/okestro/Desktop/design-system/src/stories/Page.tsx","statementMap":{"0":{"start":{"line":15,"column":6},"end":{"line":15,"column":7}},"1":{"start":{"line":1,"column":18},"end":{"line":1,"column":null}},"2":{"start":{"line":10,"column":30},"end":{"line":73,"column":null}},"3":{"start":{"line":11,"column":26},"end":{"line":11,"column":null}},"4":{"start":{"line":13,"column":2},"end":{"line":71,"column":null}},"5":{"start":{"line":17,"column":23},"end":{"line":17,"column":null}},"6":{"start":{"line":18,"column":24},"end":{"line":18,"column":null}},"7":{"start":{"line":19,"column":31},"end":{"line":19,"column":null}}},"fnMap":{"0":{"name":"(anonymous_0)","decl":{"start":{"line":10,"column":30},"end":{"line":10,"column":36}},"loc":{"start":{"line":10,"column":36},"end":{"line":73,"column":null}},"line":10},"1":{"name":"(anonymous_1)","decl":{"start":{"line":17,"column":17},"end":{"line":17,"column":23}},"loc":{"start":{"line":17,"column":23},"end":{"line":17,"column":null}},"line":17},"2":{"name":"(anonymous_2)","decl":{"start":{"line":18,"column":18},"end":{"line":18,"column":24}},"loc":{"start":{"line":18,"column":24},"end":{"line":18,"column":null}},"line":18},"3":{"name":"(anonymous_3)","decl":{"start":{"line":19,"column":25},"end":{"line":19,"column":31}},"loc":{"start":{"line":19,"column":31},"end":{"line":19,"column":null}},"line":19}},"branchMap":{},"s":{"0":1,"1":1,"2":1,"3":3,"4":3,"5":1,"6":0,"7":0},"f":{"0":3,"1":1,"2":0,"3":0},"b":{},"meta":{"lastBranch":0,"lastFunction":4,"lastStatement":8,"seen":{"s:15:6:15:7":0,"s:1:18:1:Infinity":1,"s:10:30:73:Infinity":2,"f:10:30:10:36":0,"s:11:26:11:Infinity":3,"s:13:2:71:Infinity":4,"f:17:17:17:23":1,"s:17:23:17:Infinity":5,"f:18:18:18:24":2,"s:18:24:18:Infinity":6,"f:19:25:19:31":3,"s:19:31:19:Infinity":7}}}
,"/Users/okestro/Desktop/design-system/src/stories/button.css": {"path":"/Users/okestro/Desktop/design-system/src/stories/button.css","statementMap":{},"fnMap":{},"branchMap":{},"s":{},"f":{},"b":{},"meta":{"lastBranch":0,"lastFunction":0,"lastStatement":0,"seen":{}}}
,"/Users/okestro/Desktop/design-system/src/stories/header.css": {"path":"/Users/okestro/Desktop/design-system/src/stories/header.css","statementMap":{},"fnMap":{},"branchMap":{},"s":{},"f":{},"b":{},"meta":{"lastBranch":0,"lastFunction":0,"lastStatement":0,"seen":{}}}
,"/Users/okestro/Desktop/design-system/src/stories/page.css": {"path":"/Users/okestro/Desktop/design-system/src/stories/page.css","statementMap":{},"fnMap":{},"branchMap":{},"s":{},"f":{},"b":{},"meta":{"lastBranch":0,"lastFunction":0,"lastStatement":0,"seen":{}}}
}
